Using pre-set license
Built from '2020.3/china_unity/release' branch; Version is '2020.3.3f1c1 (a34b99c2c582) revision 10701721'; Using compiler version '192528614'; Build Type 'Release'
OS: 'Windows 10 Pro; OS build 19042.867; Version 2009; 64bit' Language: 'zh' Physical Memory: 130988 MB
BatchMode: 1, IsHumanControllingUs: 0, StartBugReporterOnCrash: 0, Is64bit: 1, IsPro: 0

 COMMAND LINE ARGUMENTS:
C:\Program Files\Unity\Hub\Editor\2020.3.3f1c1\Editor\Unity.exe
-adb2
-batchMode
-noUpm
-name
AssetImportWorker0
-projectPath
C:/Users/15400/Desktop/Battle-City/battleLite
-logFile
Logs/AssetImportWorker0.log
-srvPort
1289
Successfully changed project path to: C:/Users/15400/Desktop/Battle-City/battleLite
C:/Users/15400/Desktop/Battle-City/battleLite
Using Asset Import Pipeline V2.
Refreshing native plugins compatible for Editor in 21.58 ms, found 0 plugins.
Preloading 0 native plugins for Editor in 0.00 ms.
Initialize engine version: 2020.3.3f1c1 (a34b99c2c582)
[Subsystems] Discovering subsystems at path C:/Program Files/Unity/Hub/Editor/2020.3.3f1c1/Editor/Data/Resources/UnitySubsystems
[Subsystems] Discovering subsystems at path C:/Users/15400/Desktop/Battle-City/battleLite/Assets
GfxDevice: creating device client; threaded=0
Direct3D:
    Version:  Direct3D 11.0 [level 11.1]
    Renderer: NVIDIA TITAN X (Pascal) (ID=0x1b00)
    Vendor:   
    VRAM:     12147 MB
    Driver:   27.21.14.6140
Initialize mono
Mono path[0] = 'C:/Program Files/Unity/Hub/Editor/2020.3.3f1c1/Editor/Data/Managed'
Mono path[1] = 'C:/Program Files/Unity/Hub/Editor/2020.3.3f1c1/Editor/Data/MonoBleedingEdge/lib/mono/unityjit'
Mono config path = 'C:/Program Files/Unity/Hub/Editor/2020.3.3f1c1/Editor/Data/MonoBleedingEdge/etc'
Using monoOptions --debugger-agent=transport=dt_socket,embedding=1,server=y,suspend=n,address=127.0.0.1:56092
Begin MonoManager ReloadAssembly
Registering precompiled unity dll's ...
Register platform support module: C:/Program Files/Unity/Hub/Editor/2020.3.3f1c1/Editor/Data/PlaybackEngines/WindowsStandaloneSupport/UnityEditor.WindowsStandalone.Extensions.dll
Registered in 0.004176 seconds.
Native extension for WindowsStandalone target not found
Refreshing native plugins compatible for Editor in 21.68 ms, found 0 plugins.
Preloading 0 native plugins for Editor in 0.00 ms.
Invoked RoslynAnalysisRunner static constructor.
RoslynAnalysisRunner will not be running.
RoslynAnalysisRunner has terminated.
Mono: successfully reloaded assembly
- Completed reload, in  0.952 seconds
Platform modules already initialized, skipping
Registering precompiled user dll's ...
Registered in 0.001017 seconds.
Begin MonoManager ReloadAssembly
Native extension for WindowsStandalone target not found
Refreshing native plugins compatible for Editor in 0.22 ms, found 0 plugins.
Preloading 0 native plugins for Editor in 0.00 ms.
Invoked RoslynAnalysisRunner static constructor.
RoslynAnalysisRunner will not be running.
RoslynAnalysisRunner has terminated.
Mono: successfully reloaded assembly
- Completed reload, in  0.730 seconds
Platform modules already initialized, skipping
========================================================================
Worker process is ready to serve import requests
Launched and connected shader compiler UnityShaderCompiler.exe after 0.04 seconds
Refreshing native plugins compatible for Editor in 0.22 ms, found 0 plugins.
Preloading 0 native plugins for Editor in 0.00 ms.
Unloading 1236 Unused Serialized files (Serialized files now loaded: 0)
System memory in use before: 73.6 MB.
System memory in use after: 73.7 MB.

Unloading 9 unused Assets to reduce memory usage. Loaded Objects now: 1681.
Total: 1.478800 ms (FindLiveObjects: 0.132800 ms CreateObjectMapping: 0.032300 ms MarkObjects: 1.263800 ms  DeleteObjects: 0.049200 ms)

========================================================================
Received Prepare
Refreshing native plugins compatible for Editor in 1.02 ms, found 0 plugins.
Preloading 0 native plugins for Editor in 0.00 ms.
Unloading 2 Unused Serialized files (Serialized files now loaded: 0)
System memory in use before: 44.0 MB.
System memory in use after: 44.1 MB.

Unloading 2 unused Assets to reduce memory usage. Loaded Objects now: 1681.
Total: 1.442200 ms (FindLiveObjects: 0.152600 ms CreateObjectMapping: 0.026900 ms MarkObjects: 1.252800 ms  DeleteObjects: 0.008900 ms)

========================================================================
Received Import Request.
  path: Assets/Standard Assets/Effects/ImageEffects/Scripts/SunShafts.cs
  artifactKey: Guid(60e318a6043c1cb4a8ce1c8805bab930) Importer(815301076,1909f56bfc062723c751e8b465ee728b)
Start importing Assets/Standard Assets/Effects/ImageEffects/Scripts/SunShafts.cs using Guid(60e318a6043c1cb4a8ce1c8805bab930) Importer(815301076,1909f56bfc062723c751e8b465ee728b)  -> (artifact id: 'ff395ff3427081f2f3bd44188ec84c00') in 0.030666 seconds
  Import took 0.032629 seconds .

========================================================================
Received Prepare
Registering precompiled user dll's ...
Registered in 0.000926 seconds.
Begin MonoManager ReloadAssembly
Native extension for WindowsStandalone target not found
Refreshing native plugins compatible for Editor in 0.23 ms, found 0 plugins.
Preloading 0 native plugins for Editor in 0.00 ms.
Invoked RoslynAnalysisRunner static constructor.
RoslynAnalysisRunner will not be running.
RoslynAnalysisRunner has terminated.
Mono: successfully reloaded assembly
- Completed reload, in  0.753 seconds
Platform modules already initialized, skipping
Refreshing native plugins compatible for Editor in 0.26 ms, found 0 plugins.
Preloading 0 native plugins for Editor in 0.00 ms.
Unloading 1169 Unused Serialized files (Serialized files now loaded: 0)
System memory in use before: 67.5 MB.
System memory in use after: 67.6 MB.

Unloading 4 unused Assets to reduce memory usage. Loaded Objects now: 1684.
Total: 1.422600 ms (FindLiveObjects: 0.159300 ms CreateObjectMapping: 0.027600 ms MarkObjects: 1.221400 ms  DeleteObjects: 0.013400 ms)

========================================================================
Received Import Request.
  Time since last request: 325.528786 seconds.
  path: Assets/Sprites/Smoke.tif
  artifactKey: Guid(8e2e7f1c0de3a1e4bab7041325aef152) Importer(815301076,1909f56bfc062723c751e8b465ee728b)
Start importing Assets/Sprites/Smoke.tif using Guid(8e2e7f1c0de3a1e4bab7041325aef152) Importer(815301076,1909f56bfc062723c751e8b465ee728b)  -> (artifact id: 'ec20a42ec0401659d77e0d22d881a261') in 0.055324 seconds
  Import took 0.057385 seconds .

========================================================================
Received Import Request.
  Time since last request: 0.000223 seconds.
  path: Assets/Sprites/Health Wheel.png
  artifactKey: Guid(c7dd97e9cd879304795b366cbf187bfe) Importer(815301076,1909f56bfc062723c751e8b465ee728b)
Start importing Assets/Sprites/Health Wheel.png using Guid(c7dd97e9cd879304795b366cbf187bfe) Importer(815301076,1909f56bfc062723c751e8b465ee728b)  -> (artifact id: '0bbf454f87aa917caa6f8d1e4ed32e7b') in 0.089863 seconds
  Import took 0.092175 seconds .

========================================================================
Received Import Request.
  Time since last request: 0.000237 seconds.
  path: Assets/Scripts/CameraFlow.cs
  artifactKey: Guid(1ae5221695023784fa04b2147d0deb03) Importer(815301076,1909f56bfc062723c751e8b465ee728b)
Start importing Assets/Scripts/CameraFlow.cs using Guid(1ae5221695023784fa04b2147d0deb03) Importer(815301076,1909f56bfc062723c751e8b465ee728b)  -> (artifact id: '5fca04e68944216ec2d767e77f94f413') in 0.003269 seconds
  Import took 0.005240 seconds .

========================================================================
Received Prepare
Registering precompiled user dll's ...
Registered in 0.000924 seconds.
Begin MonoManager ReloadAssembly
Native extension for WindowsStandalone target not found
Refreshing native plugins compatible for Editor in 0.22 ms, found 0 plugins.
Preloading 0 native plugins for Editor in 0.00 ms.
Invoked RoslynAnalysisRunner static constructor.
RoslynAnalysisRunner will not be running.
RoslynAnalysisRunner has terminated.
Mono: successfully reloaded assembly
- Completed reload, in  0.678 seconds
Platform modules already initialized, skipping
Refreshing native plugins compatible for Editor in 0.22 ms, found 0 plugins.
Preloading 0 native plugins for Editor in 0.00 ms.
Unloading 1169 Unused Serialized files (Serialized files now loaded: 0)
System memory in use before: 70.6 MB.
System memory in use after: 70.7 MB.

Unloading 4 unused Assets to reduce memory usage. Loaded Objects now: 1693.
Total: 1.480000 ms (FindLiveObjects: 0.155300 ms CreateObjectMapping: 0.026200 ms MarkObjects: 1.285900 ms  DeleteObjects: 0.011800 ms)

========================================================================
Received Import Request.
  Time since last request: 37.861917 seconds.
  path: Assets/Scripts/FollowTarget.cs
  artifactKey: Guid(c654c9053184a5343a197279fd3b49f1) Importer(815301076,1909f56bfc062723c751e8b465ee728b)
Start importing Assets/Scripts/FollowTarget.cs using Guid(c654c9053184a5343a197279fd3b49f1) Importer(815301076,1909f56bfc062723c751e8b465ee728b)  -> (artifact id: '002fecdaf476604183bf783cb91c3bd8') in 0.008183 seconds
  Import took 0.010057 seconds .

========================================================================
Received Import Request.
  Time since last request: 6.656066 seconds.
  path: Assets/Scripts/GameManager.cs
  artifactKey: Guid(6195a4e7ad49c254ca4c8d86a77bd369) Importer(815301076,1909f56bfc062723c751e8b465ee728b)
Start importing Assets/Scripts/GameManager.cs using Guid(6195a4e7ad49c254ca4c8d86a77bd369) Importer(815301076,1909f56bfc062723c751e8b465ee728b)  -> (artifact id: '25b88de19f0b21187c719eed1daa57f7') in 0.005869 seconds
  Import took 0.007734 seconds .

========================================================================
Received Import Request.
  Time since last request: 0.016685 seconds.
  path: Assets/Scripts/GameManager.cs
  artifactKey: Guid(6195a4e7ad49c254ca4c8d86a77bd369) Importer(815301076,1909f56bfc062723c751e8b465ee728b)
Start importing Assets/Scripts/GameManager.cs using Guid(6195a4e7ad49c254ca4c8d86a77bd369) Importer(815301076,1909f56bfc062723c751e8b465ee728b)  -> (artifact id: '25b88de19f0b21187c719eed1daa57f7') in 0.002735 seconds
  Import took 0.004600 seconds .

========================================================================
Received Import Request.
  Time since last request: 17.579129 seconds.
  path: Assets/Scripts/Shell.cs
  artifactKey: Guid(77edec4077e8f4d4589ee03ef97a29d4) Importer(815301076,1909f56bfc062723c751e8b465ee728b)
Start importing Assets/Scripts/Shell.cs using Guid(77edec4077e8f4d4589ee03ef97a29d4) Importer(815301076,1909f56bfc062723c751e8b465ee728b)  -> (artifact id: '13bca564b7eac16b2c09b890c9b84d3f') in 0.005893 seconds
  Import took 0.007952 seconds .

========================================================================
Received Import Request.
  Time since last request: 3.274071 seconds.
  path: Assets/Scripts/Tank_Attack.cs
  artifactKey: Guid(73a302dd89fc596479f7aa97f6c3238e) Importer(815301076,1909f56bfc062723c751e8b465ee728b)
Start importing Assets/Scripts/Tank_Attack.cs using Guid(73a302dd89fc596479f7aa97f6c3238e) Importer(815301076,1909f56bfc062723c751e8b465ee728b)  -> (artifact id: '6ba22fe9d358a0c839562b24b2c1f89d') in 0.005613 seconds
  Import took 0.007520 seconds .

========================================================================
Received Import Request.
  Time since last request: 3.804979 seconds.
  path: Assets/Scripts/Tank_health.cs
  artifactKey: Guid(7532a8ec87f36d944acda43332546d9c) Importer(815301076,1909f56bfc062723c751e8b465ee728b)
Start importing Assets/Scripts/Tank_health.cs using Guid(7532a8ec87f36d944acda43332546d9c) Importer(815301076,1909f56bfc062723c751e8b465ee728b)  -> (artifact id: '936d28cb83bd95aa18c11123287ce96e') in 0.006756 seconds
  Import took 0.008730 seconds .

========================================================================
Received Import Request.
  Time since last request: 5.320801 seconds.
  path: Assets/Scripts/Tank_Movement.cs
  artifactKey: Guid(fdee3cf28b47048498e1d7a4b488d451) Importer(815301076,1909f56bfc062723c751e8b465ee728b)
Start importing Assets/Scripts/Tank_Movement.cs using Guid(fdee3cf28b47048498e1d7a4b488d451) Importer(815301076,1909f56bfc062723c751e8b465ee728b)  -> (artifact id: 'e488e17052a75168606132de50dd410b') in 0.006106 seconds
  Import took 0.008101 seconds .

========================================================================
Received Prepare
Registering precompiled user dll's ...
Registered in 0.000969 seconds.
Begin MonoManager ReloadAssembly
Native extension for WindowsStandalone target not found
Refreshing native plugins compatible for Editor in 0.23 ms, found 0 plugins.
Preloading 0 native plugins for Editor in 0.00 ms.
Invoked RoslynAnalysisRunner static constructor.
RoslynAnalysisRunner will not be running.
RoslynAnalysisRunner has terminated.
Mono: successfully reloaded assembly
- Completed reload, in  0.712 seconds
Platform modules already initialized, skipping
Refreshing native plugins compatible for Editor in 0.22 ms, found 0 plugins.
Preloading 0 native plugins for Editor in 0.00 ms.
Unloading 1169 Unused Serialized files (Serialized files now loaded: 0)
System memory in use before: 70.6 MB.
System memory in use after: 70.7 MB.

Unloading 4 unused Assets to reduce memory usage. Loaded Objects now: 1696.
Total: 1.409400 ms (FindLiveObjects: 0.174300 ms CreateObjectMapping: 0.027900 ms MarkObjects: 1.194800 ms  DeleteObjects: 0.011600 ms)

========================================================================
Received Import Request.
  Time since last request: 58.688310 seconds.
  path: Assets/Scripts/Tank_Movement.cs
  artifactKey: Guid(fdee3cf28b47048498e1d7a4b488d451) Importer(815301076,1909f56bfc062723c751e8b465ee728b)
Start importing Assets/Scripts/Tank_Movement.cs using Guid(fdee3cf28b47048498e1d7a4b488d451) Importer(815301076,1909f56bfc062723c751e8b465ee728b)  -> (artifact id: '299206d5bdc5ae380643478d5aadd543') in 0.004435 seconds
  Import took 0.006498 seconds .

========================================================================
Received Prepare
Registering precompiled user dll's ...
Registered in 0.000913 seconds.
Begin MonoManager ReloadAssembly
Native extension for WindowsStandalone target not found
Refreshing native plugins compatible for Editor in 0.24 ms, found 0 plugins.
Preloading 0 native plugins for Editor in 0.00 ms.
Invoked RoslynAnalysisRunner static constructor.
RoslynAnalysisRunner will not be running.
RoslynAnalysisRunner has terminated.
Mono: successfully reloaded assembly
- Completed reload, in  0.700 seconds
Platform modules already initialized, skipping
Refreshing native plugins compatible for Editor in 0.22 ms, found 0 plugins.
Preloading 0 native plugins for Editor in 0.00 ms.
Unloading 1169 Unused Serialized files (Serialized files now loaded: 0)
System memory in use before: 70.6 MB.
System memory in use after: 70.7 MB.

Unloading 4 unused Assets to reduce memory usage. Loaded Objects now: 1699.
Total: 1.381800 ms (FindLiveObjects: 0.145500 ms CreateObjectMapping: 0.025900 ms MarkObjects: 1.198200 ms  DeleteObjects: 0.011500 ms)

========================================================================
Received Import Request.
  Time since last request: 26720.416366 seconds.
  path: Assets/Scripts/Tank_health.cs
  artifactKey: Guid(7532a8ec87f36d944acda43332546d9c) Importer(815301076,1909f56bfc062723c751e8b465ee728b)
Start importing Assets/Scripts/Tank_health.cs using Guid(7532a8ec87f36d944acda43332546d9c) Importer(815301076,1909f56bfc062723c751e8b465ee728b)  -> (artifact id: '01ab043caa28bd0f29c43bf53d0cb3ec') in 0.006668 seconds
  Import took 0.008496 seconds .

========================================================================
Received Prepare
Registering precompiled user dll's ...
Registered in 0.000828 seconds.
Begin MonoManager ReloadAssembly
Native extension for WindowsStandalone target not found
Refreshing native plugins compatible for Editor in 0.23 ms, found 0 plugins.
Preloading 0 native plugins for Editor in 0.00 ms.
Invoked RoslynAnalysisRunner static constructor.
RoslynAnalysisRunner will not be running.
RoslynAnalysisRunner has terminated.
Mono: successfully reloaded assembly
- Completed reload, in  0.674 seconds
Platform modules already initialized, skipping
Refreshing native plugins compatible for Editor in 0.22 ms, found 0 plugins.
Preloading 0 native plugins for Editor in 0.00 ms.
Unloading 1169 Unused Serialized files (Serialized files now loaded: 0)
System memory in use before: 70.6 MB.
System memory in use after: 70.7 MB.

Unloading 4 unused Assets to reduce memory usage. Loaded Objects now: 1702.
Total: 1.394300 ms (FindLiveObjects: 0.160500 ms CreateObjectMapping: 0.026300 ms MarkObjects: 1.194800 ms  DeleteObjects: 0.011800 ms)

========================================================================
Received Prepare
Registering precompiled user dll's ...
Registered in 0.001182 seconds.
Begin MonoManager ReloadAssembly
Native extension for WindowsStandalone target not found
Refreshing native plugins compatible for Editor in 0.24 ms, found 0 plugins.
Preloading 0 native plugins for Editor in 0.00 ms.
Invoked RoslynAnalysisRunner static constructor.
RoslynAnalysisRunner will not be running.
RoslynAnalysisRunner has terminated.
Mono: successfully reloaded assembly
- Completed reload, in  0.760 seconds
Platform modules already initialized, skipping
Refreshing native plugins compatible for Editor in 0.24 ms, found 0 plugins.
Preloading 0 native plugins for Editor in 0.00 ms.
Unloading 1169 Unused Serialized files (Serialized files now loaded: 0)
System memory in use before: 70.7 MB.
System memory in use after: 70.8 MB.

Unloading 4 unused Assets to reduce memory usage. Loaded Objects now: 1705.
Total: 1.645500 ms (FindLiveObjects: 0.170000 ms CreateObjectMapping: 0.025200 ms MarkObjects: 1.432300 ms  DeleteObjects: 0.016800 ms)

========================================================================
Received Prepare
Registering precompiled user dll's ...
Registered in 0.001122 seconds.
Begin MonoManager ReloadAssembly
Native extension for WindowsStandalone target not found
Refreshing native plugins compatible for Editor in 0.23 ms, found 0 plugins.
Preloading 0 native plugins for Editor in 0.00 ms.
Invoked RoslynAnalysisRunner static constructor.
RoslynAnalysisRunner will not be running.
RoslynAnalysisRunner has terminated.
Mono: successfully reloaded assembly
- Completed reload, in  0.796 seconds
Platform modules already initialized, skipping
Refreshing native plugins compatible for Editor in 0.32 ms, found 0 plugins.
Preloading 0 native plugins for Editor in 0.00 ms.
Unloading 1169 Unused Serialized files (Serialized files now loaded: 0)
System memory in use before: 70.7 MB.
System memory in use after: 70.8 MB.

Unloading 4 unused Assets to reduce memory usage. Loaded Objects now: 1708.
Total: 1.870400 ms (FindLiveObjects: 0.178100 ms CreateObjectMapping: 0.027300 ms MarkObjects: 1.643900 ms  DeleteObjects: 0.019700 ms)

========================================================================
Received Prepare
Registering precompiled user dll's ...
Registered in 0.001064 seconds.
Begin MonoManager ReloadAssembly
Native extension for WindowsStandalone target not found
Refreshing native plugins compatible for Editor in 0.24 ms, found 0 plugins.
Preloading 0 native plugins for Editor in 0.00 ms.
Invoked RoslynAnalysisRunner static constructor.
RoslynAnalysisRunner will not be running.
RoslynAnalysisRunner has terminated.
Mono: successfully reloaded assembly
- Completed reload, in  0.776 seconds
Platform modules already initialized, skipping
Refreshing native plugins compatible for Editor in 0.23 ms, found 0 plugins.
Preloading 0 native plugins for Editor in 0.00 ms.
Unloading 1169 Unused Serialized files (Serialized files now loaded: 0)
System memory in use before: 70.7 MB.
System memory in use after: 70.8 MB.

Unloading 4 unused Assets to reduce memory usage. Loaded Objects now: 1711.
Total: 1.675400 ms (FindLiveObjects: 0.185400 ms CreateObjectMapping: 0.029100 ms MarkObjects: 1.446300 ms  DeleteObjects: 0.013400 ms)

========================================================================
Received Prepare
Registering precompiled user dll's ...
Registered in 0.001134 seconds.
Begin MonoManager ReloadAssembly
Native extension for WindowsStandalone target not found
Refreshing native plugins compatible for Editor in 0.26 ms, found 0 plugins.
Preloading 0 native plugins for Editor in 0.00 ms.
Invoked RoslynAnalysisRunner static constructor.
RoslynAnalysisRunner will not be running.
RoslynAnalysisRunner has terminated.
Mono: successfully reloaded assembly
- Completed reload, in  0.806 seconds
Platform modules already initialized, skipping
Refreshing native plugins compatible for Editor in 0.23 ms, found 0 plugins.
Preloading 0 native plugins for Editor in 0.00 ms.
Unloading 1169 Unused Serialized files (Serialized files now loaded: 0)
System memory in use before: 70.7 MB.
System memory in use after: 70.8 MB.

Unloading 4 unused Assets to reduce memory usage. Loaded Objects now: 1714.
Total: 1.580000 ms (FindLiveObjects: 0.164500 ms CreateObjectMapping: 0.026900 ms MarkObjects: 1.368600 ms  DeleteObjects: 0.018100 ms)

========================================================================
Received Prepare
Refreshing native plugins compatible for Editor in 1.08 ms, found 0 plugins.
Preloading 0 native plugins for Editor in 0.00 ms.
Unloading 2 Unused Serialized files (Serialized files now loaded: 0)
System memory in use before: 47.4 MB.
System memory in use after: 47.5 MB.

Unloading 2 unused Assets to reduce memory usage. Loaded Objects now: 1714.
Total: 1.875200 ms (FindLiveObjects: 0.165300 ms CreateObjectMapping: 0.027300 ms MarkObjects: 1.663100 ms  DeleteObjects: 0.017600 ms)

========================================================================
Received Prepare
Registering precompiled user dll's ...
Registered in 0.001230 seconds.
Begin MonoManager ReloadAssembly
Native extension for WindowsStandalone target not found
Refreshing native plugins compatible for Editor in 0.25 ms, found 0 plugins.
Preloading 0 native plugins for Editor in 0.00 ms.
Invoked RoslynAnalysisRunner static constructor.
RoslynAnalysisRunner will not be running.
RoslynAnalysisRunner has terminated.
Mono: successfully reloaded assembly
- Completed reload, in  0.692 seconds
Platform modules already initialized, skipping
Refreshing native plugins compatible for Editor in 0.22 ms, found 0 plugins.
Preloading 0 native plugins for Editor in 0.00 ms.
Unloading 1169 Unused Serialized files (Serialized files now loaded: 0)
System memory in use before: 70.7 MB.
System memory in use after: 70.8 MB.

Unloading 4 unused Assets to reduce memory usage. Loaded Objects now: 1717.
Total: 1.618600 ms (FindLiveObjects: 0.172600 ms CreateObjectMapping: 0.031300 ms MarkObjects: 1.398100 ms  DeleteObjects: 0.015800 ms)

AssetImportWorkerClient::OnTransportError - code=2 error=End of file
